Using pre-set license
Built from '2020.3/release' branch; Version is '2020.3.15f2 (6cf78cb77498) revision 7141260'; Using compiler version '192528614'; Build Type 'Release'
OS: 'Windows 10 Home Single Language; OS build 19042.1466; Version 2009; 64bit' Language: 'tr' Physical Memory: 16260 MB
BatchMode: 1, IsHumanControllingUs: 0, StartBugReporterOnCrash: 0, Is64bit: 1, IsPro: 0

 COMMAND LINE ARGUMENTS:
C:\Program Files\Unity\Hub\Editor\2020.3.15f2\Editor\Unity.exe
-adb2
-batchMode
-noUpm
-name
AssetImportWorker2
-projectPath
D:/hex/Enchy Game_Last_Version
-logFile
Logs/AssetImportWorker2.log
-srvPort
49448
Successfully changed project path to: D:/hex/Enchy Game_Last_Version
D:/hex/Enchy Game_Last_Version
Using Asset Import Pipeline V2.
Refreshing native plugins compatible for Editor in 161.38 ms, found 2 plugins.
Preloading 0 native plugins for Editor in 0.00 ms.
Initialize engine version: 2020.3.15f2 (6cf78cb77498)
[Subsystems] Discovering subsystems at path C:/Program Files/Unity/Hub/Editor/2020.3.15f2/Editor/Data/Resources/UnitySubsystems
[Subsystems] Discovering subsystems at path D:/hex/Enchy Game_Last_Version/Assets
GfxDevice: creating device client; threaded=0
Direct3D:
    Version:  Direct3D 11.0 [level 11.1]
    Renderer: NVIDIA GeForce RTX 2070 (ID=0x1f50)
    Vendor:   
    VRAM:     8031 MB
    Driver:   30.0.14.7141
Shader 'Universal Render Pipeline/Particles/Lit': fallback shader 'Universal Render Pipeline/Particles/SimpleLit' not found
Initialize mono
Mono path[0] = 'C:/Program Files/Unity/Hub/Editor/2020.3.15f2/Editor/Data/Managed'
Mono path[1] = 'C:/Program Files/Unity/Hub/Editor/2020.3.15f2/Editor/Data/MonoBleedingEdge/lib/mono/unityjit'
Mono config path = 'C:/Program Files/Unity/Hub/Editor/2020.3.15f2/Editor/Data/MonoBleedingEdge/etc'
Using monoOptions --debugger-agent=transport=dt_socket,embedding=1,server=y,suspend=n,address=127.0.0.1:56904
Begin MonoManager ReloadAssembly
Registering precompiled unity dll's ...
Register platform support module: C:/Program Files/Unity/Hub/Editor/2020.3.15f2/Editor/Data/PlaybackEngines/WindowsStandaloneSupport/UnityEditor.WindowsStandalone.Extensions.dll
Registered in 0.002703 seconds.
Native extension for WindowsStandalone target not found
Refreshing native plugins compatible for Editor in 70.96 ms, found 2 plugins.
Preloading 0 native plugins for Editor in 0.00 ms.
Mono: successfully reloaded assembly
- Completed reload, in  8.262 seconds
Domain Reload Profiling:
	ReloadAssembly (8263ms)
		BeginReloadAssembly (150ms)
			ExecutionOrderSort (0ms)
			DisableScriptedObjects (0ms)
			BackupInstance (0ms)
			ReleaseScriptingObjects (0ms)
			CreateAndSetChildDomain (7ms)
		EndReloadAssembly (597ms)
			LoadAssemblies (135ms)
			RebuildTransferFunctionScriptingTraits (0ms)
			SetupTypeCache (219ms)
			ReleaseScriptCaches (0ms)
			RebuildScriptCaches (47ms)
			SetupLoadedEditorAssemblies (222ms)
				LogAssemblyErrors (0ms)
				InitializePlatformSupportModulesInManaged (5ms)
				SetLoadedEditorAssemblies (0ms)
				RefreshPlugins (71ms)
				BeforeProcessingInitializeOnLoad (8ms)
				ProcessInitializeOnLoadAttributes (101ms)
				ProcessInitializeOnLoadMethodAttributes (37ms)
				AfterProcessingInitializeOnLoad (0ms)
				EditorAssembliesLoaded (0ms)
			ExecutionOrderSort2 (0ms)
			AwakeInstancesAfterBackupRestoration (0ms)
Platform modules already initialized, skipping
Registering precompiled user dll's ...
Registered in 0.007459 seconds.
Begin MonoManager ReloadAssembly
Native extension for WindowsStandalone target not found
Refreshing native plugins compatible for Editor in 74.02 ms, found 2 plugins.
Preloading 0 native plugins for Editor in 0.00 ms.
Mono: successfully reloaded assembly
- Completed reload, in  3.198 seconds
Domain Reload Profiling:
	ReloadAssembly (3202ms)
		BeginReloadAssembly (186ms)
			ExecutionOrderSort (0ms)
			DisableScriptedObjects (6ms)
			BackupInstance (0ms)
			ReleaseScriptingObjects (0ms)
			CreateAndSetChildDomain (21ms)
		EndReloadAssembly (2937ms)
			LoadAssemblies (121ms)
			RebuildTransferFunctionScriptingTraits (0ms)
			SetupTypeCache (478ms)
			ReleaseScriptCaches (1ms)
			RebuildScriptCaches (78ms)
			SetupLoadedEditorAssemblies (2094ms)
				LogAssemblyErrors (0ms)
				InitializePlatformSupportModulesInManaged (5ms)
				SetLoadedEditorAssemblies (0ms)
				RefreshPlugins (74ms)
				BeforeProcessingInitializeOnLoad (87ms)
				ProcessInitializeOnLoadAttributes (1834ms)
				ProcessInitializeOnLoadMethodAttributes (78ms)
				AfterProcessingInitializeOnLoad (12ms)
				EditorAssembliesLoaded (3ms)
			ExecutionOrderSort2 (0ms)
			AwakeInstancesAfterBackupRestoration (7ms)
Platform modules already initialized, skipping
========================================================================
Worker process is ready to serve import requests
Shader 'Universal Render Pipeline/Particles/Lit': fallback shader 'Universal Render Pipeline/Particles/SimpleLit' not found
Launched and connected shader compiler UnityShaderCompiler.exe after 0.13 seconds
Refreshing native plugins compatible for Editor in 0.61 ms, found 2 plugins.
Preloading 0 native plugins for Editor in 0.00 ms.
Unloading 2971 Unused Serialized files (Serialized files now loaded: 0)
System memory in use before: 138.3 MB.
System memory in use after: 138.5 MB.

Unloading 30 unused Assets to reduce memory usage. Loaded Objects now: 3459.
Total: 29.386300 ms (FindLiveObjects: 0.224300 ms CreateObjectMapping: 0.117400 ms MarkObjects: 28.964200 ms  DeleteObjects: 0.079000 ms)

AssetImportParameters requested are different than current active one (requested -> active):
  custom:framework-win-MediaFoundation: 216162199b28c13a410421893ffa2e32 -> 
  custom:video-decoder-ogg-theora: a1e56fd34408186e4bbccfd4996cb3dc -> 
  custom:container-muxer-webm: aa71ff27fc2769a1b78a27578f13a17b -> 
  custom:container-demuxer-webm: 4f35f7cbe854078d1ac9338744f61a02 -> 
  custom:container-demuxer-ogg: 62fdf1f143b41e24485cea50d1cbac27 -> 
  custom:video-encoder-webm-vp8: eb34c28f22e8b96e1ab97ce403110664 -> 
  custom:video-codec-MediaFoundation-h265: 746d11721c4dcdbdad8f713fa42b33f4 -> 
  custom:video-decoder-webm-vp8: 9c59270c3fd7afecdb556c50c9e8de78 -> 
  custom:audio-decoder-ogg-vorbis: bf7c407c2cedff20999df2af8eb42d56 -> 
  custom:audio-encoder-webm-vorbis: bf7c407c2cedff20999df2af8eb42d56 -> 
========================================================================
Received Import Request.
  path: Assets/04_VisualAssets/Import/gameover-screen-bg.png
  artifactKey: Guid(d664722e750c33d458f4d4bda02b1ec5) Importer(815301076,1909f56bfc062723c751e8b465ee728b)
Start importing Assets/04_VisualAssets/Import/gameover-screen-bg.png using Guid(d664722e750c33d458f4d4bda02b1ec5) Importer(815301076,1909f56bfc062723c751e8b465ee728b)  -> (artifact id: '02eccc297e5c47c1e53aad9d7550d3c3') in 0.143481 seconds 
  Import took 0.175467 seconds .

========================================================================
Received Import Request.
  Time since last request: 0.000720 seconds.
  path: Assets/04_VisualAssets/Import/play.png
  artifactKey: Guid(830a44fa1ca0a5a40b74e33e1f82b3e8) Importer(815301076,1909f56bfc062723c751e8b465ee728b)
Start importing Assets/04_VisualAssets/Import/play.png using Guid(830a44fa1ca0a5a40b74e33e1f82b3e8) Importer(815301076,1909f56bfc062723c751e8b465ee728b)  -> (artifact id: '51e699a4ccc1aa799aec02e10cc3bb39') in 0.025064 seconds 
  Import took 0.040915 seconds .

========================================================================
Received Import Request.
  Time since last request: 0.000204 seconds.
  path: Assets/04_VisualAssets/Import/gameover-2.png
  artifactKey: Guid(0d76405f339950b41b7f626623a644f3) Importer(815301076,1909f56bfc062723c751e8b465ee728b)
Start importing Assets/04_VisualAssets/Import/gameover-2.png using Guid(0d76405f339950b41b7f626623a644f3) Importer(815301076,1909f56bfc062723c751e8b465ee728b)  -> (artifact id: '594b611f2edd5b880837b1f44a906e8b') in 0.078629 seconds 
  Import took 0.117200 seconds .

========================================================================
Received Import Request.
  Time since last request: 0.000367 seconds.
  path: Assets/04_VisualAssets/Import/win-screen.png
  artifactKey: Guid(311043a82b3e47a429d761731f3a0e9e) Importer(815301076,1909f56bfc062723c751e8b465ee728b)
Start importing Assets/04_VisualAssets/Import/win-screen.png using Guid(311043a82b3e47a429d761731f3a0e9e) Importer(815301076,1909f56bfc062723c751e8b465ee728b)  -> (artifact id: 'e67ed9125069beb392e7d90569139bc0') in 0.062513 seconds 
  Import took 0.087757 seconds .

========================================================================
Received Import Request.
  Time since last request: 0.000171 seconds.
  path: Assets/04_VisualAssets/Import/icon-push.png
  artifactKey: Guid(7f1ab957c2083a945afd6e6fde51d208) Importer(815301076,1909f56bfc062723c751e8b465ee728b)
Start importing Assets/04_VisualAssets/Import/icon-push.png using Guid(7f1ab957c2083a945afd6e6fde51d208) Importer(815301076,1909f56bfc062723c751e8b465ee728b)  -> (artifact id: 'c817aea7632d51eceb2580644e421e39') in 0.027036 seconds 
  Import took 0.051730 seconds .

========================================================================
Received Import Request.
  Time since last request: 0.004012 seconds.
  path: Assets/04_VisualAssets/Import/icon-doublejump.png
  artifactKey: Guid(fe650cb9039759441a90f0f1e802f0ab) Importer(815301076,1909f56bfc062723c751e8b465ee728b)
Start importing Assets/04_VisualAssets/Import/icon-doublejump.png using Guid(fe650cb9039759441a90f0f1e802f0ab) Importer(815301076,1909f56bfc062723c751e8b465ee728b)  -> (artifact id: '094d25246217e502e6122373e7b52de4') in 0.017081 seconds 
  Import took 0.075672 seconds .

========================================================================
Received Import Request.
  Time since last request: 0.000281 seconds.
  path: Assets/04_VisualAssets/Import/menu-bg.png
  artifactKey: Guid(7018a3ccdf33b684aa63668b790b1184) Importer(815301076,1909f56bfc062723c751e8b465ee728b)
Start importing Assets/04_VisualAssets/Import/menu-bg.png using Guid(7018a3ccdf33b684aa63668b790b1184) Importer(815301076,1909f56bfc062723c751e8b465ee728b)  -> (artifact id: '890ebb05ca0d90dd5a0dedb0d9f2ebcc') in 0.039121 seconds 
  Import took 0.073488 seconds .

========================================================================
Received Import Request.
  Time since last request: 0.000174 seconds.
  path: Assets/04_VisualAssets/Import/menu.png
  artifactKey: Guid(f444486d93e02fe4ba3acefdf5e2ea94) Importer(815301076,1909f56bfc062723c751e8b465ee728b)
Start importing Assets/04_VisualAssets/Import/menu.png using Guid(f444486d93e02fe4ba3acefdf5e2ea94) Importer(815301076,1909f56bfc062723c751e8b465ee728b)  -> (artifact id: 'be9e1d5b4b042d78c8e0258965375619') in 0.021210 seconds 
  Import took 0.058558 seconds .

========================================================================
Received Import Request.
  Time since last request: 0.000169 seconds.
  path: Assets/04_VisualAssets/Import/gameover-1.png
  artifactKey: Guid(b4f2e542893b30b4da21e4351b462909) Importer(815301076,1909f56bfc062723c751e8b465ee728b)
Start importing Assets/04_VisualAssets/Import/gameover-1.png using Guid(b4f2e542893b30b4da21e4351b462909) Importer(815301076,1909f56bfc062723c751e8b465ee728b)  -> (artifact id: '421a6fa96ac81606a675fef833fd9a34') in 0.028946 seconds 
  Import took 0.064678 seconds .

========================================================================
Received Import Request.
  Time since last request: 0.000989 seconds.
  path: Assets/04_VisualAssets/Import/win.png
  artifactKey: Guid(69ae69b1064534242a6a9af40edbbea0) Importer(815301076,1909f56bfc062723c751e8b465ee728b)
Start importing Assets/04_VisualAssets/Import/win.png using Guid(69ae69b1064534242a6a9af40edbbea0) Importer(815301076,1909f56bfc062723c751e8b465ee728b)  -> (artifact id: 'bc74b8e14b7e14ee8a7abeb1952f352e') in 0.017299 seconds 
  Import took 0.106759 seconds .

========================================================================
Received Import Request.
  Time since last request: 0.000162 seconds.
  path: Assets/04_VisualAssets/Import/health-bar.png
  artifactKey: Guid(7ba02a90f88e71b4f931ce2446b8004c) Importer(815301076,1909f56bfc062723c751e8b465ee728b)
Start importing Assets/04_VisualAssets/Import/health-bar.png using Guid(7ba02a90f88e71b4f931ce2446b8004c) Importer(815301076,1909f56bfc062723c751e8b465ee728b)  -> (artifact id: '620f561bbaf957475b4811a1e7f26b51') in 0.017579 seconds 
  Import took 0.033434 seconds .

========================================================================
Received Import Request.
  Time since last request: 0.037734 seconds.
  path: Assets/04_VisualAssets/Import/gameover-screen-2.png
  artifactKey: Guid(80449637c75b8df49a2c5c7e4659d5db) Importer(815301076,1909f56bfc062723c751e8b465ee728b)
Start importing Assets/04_VisualAssets/Import/gameover-screen-2.png using Guid(80449637c75b8df49a2c5c7e4659d5db) Importer(815301076,1909f56bfc062723c751e8b465ee728b)  -> (artifact id: 'c52717f24fc974613808a08798362709') in 0.032914 seconds 
  Import took 0.092065 seconds .

========================================================================
Received Import Request.
  Time since last request: 238.097963 seconds.
  path: Assets/04_VisualAssets/Import/bar-load-yellow.png
  artifactKey: Guid(639588b9d95b7a945aad9e4151afda7c) Importer(815301076,1909f56bfc062723c751e8b465ee728b)
Start importing Assets/04_VisualAssets/Import/bar-load-yellow.png using Guid(639588b9d95b7a945aad9e4151afda7c) Importer(815301076,1909f56bfc062723c751e8b465ee728b)  -> (artifact id: 'bf08a086eb3c4a3912a1ae6ed3dc93c7') in 0.042424 seconds 
  Import took 0.081794 seconds .

========================================================================
Received Import Request.
  Time since last request: 0.540473 seconds.
  path: Assets/04_VisualAssets/Import/bar-load-red.png
  artifactKey: Guid(4f1589c9c455e43488e14b5edd5746f7) Importer(815301076,1909f56bfc062723c751e8b465ee728b)
Start importing Assets/04_VisualAssets/Import/bar-load-red.png using Guid(4f1589c9c455e43488e14b5edd5746f7) Importer(815301076,1909f56bfc062723c751e8b465ee728b)  -> (artifact id: '34812e0d39244e76ed6630c3665b47f6') in 0.037603 seconds 
  Import took 0.076348 seconds .

========================================================================
Received Import Request.
  Time since last request: 0.331548 seconds.
  path: Assets/04_VisualAssets/Import/bar-load-purple.png
  artifactKey: Guid(e5478320ff33ab24b9c32e5424311d6a) Importer(815301076,1909f56bfc062723c751e8b465ee728b)
Start importing Assets/04_VisualAssets/Import/bar-load-purple.png using Guid(e5478320ff33ab24b9c32e5424311d6a) Importer(815301076,1909f56bfc062723c751e8b465ee728b)  -> (artifact id: '5c553782706b11113e42ba96407e074e') in 0.027906 seconds 
  Import took 0.078565 seconds .

========================================================================
Received Import Request.
  Time since last request: 0.931948 seconds.
  path: Assets/04_VisualAssets/Import/bar-load-green.png
  artifactKey: Guid(cbe988fa45721f24f82ee78b9a1b5cae) Importer(815301076,1909f56bfc062723c751e8b465ee728b)
Start importing Assets/04_VisualAssets/Import/bar-load-green.png using Guid(cbe988fa45721f24f82ee78b9a1b5cae) Importer(815301076,1909f56bfc062723c751e8b465ee728b)  -> (artifact id: 'ba65296188bcd40659d0303d4034345c') in 0.034192 seconds 
  Import took 0.111185 seconds .

========================================================================
Received Import Request.
  Time since last request: 1.490601 seconds.
  path: Assets/04_VisualAssets/Import/boost-bar.png
  artifactKey: Guid(b0d4f277f71d1054f9cccc7dd82a2378) Importer(815301076,1909f56bfc062723c751e8b465ee728b)
Start importing Assets/04_VisualAssets/Import/boost-bar.png using Guid(b0d4f277f71d1054f9cccc7dd82a2378) Importer(815301076,1909f56bfc062723c751e8b465ee728b)  -> (artifact id: '1883e67f07a9eed5f92f6d62761b95c5') in 0.010490 seconds 
  Import took 0.057995 seconds .

========================================================================
Received Import Request.
  Time since last request: 0.773854 seconds.
  path: Assets/04_VisualAssets/Import/boost-icon.png
  artifactKey: Guid(09860d3842d19274487b3239f57b1e2f) Importer(815301076,1909f56bfc062723c751e8b465ee728b)
Start importing Assets/04_VisualAssets/Import/boost-icon.png using Guid(09860d3842d19274487b3239f57b1e2f) Importer(815301076,1909f56bfc062723c751e8b465ee728b)  -> (artifact id: '61edec64e449f1a68adf48c9e4567f85') in 0.019057 seconds 
  Import took 0.032731 seconds .

========================================================================
Received Import Request.
  Time since last request: 14.871643 seconds.
  path: Assets/04_VisualAssets/Import/boost-bar.png
  artifactKey: Guid(b0d4f277f71d1054f9cccc7dd82a2378) Importer(815301076,1909f56bfc062723c751e8b465ee728b)
Start importing Assets/04_VisualAssets/Import/boost-bar.png using Guid(b0d4f277f71d1054f9cccc7dd82a2378) Importer(815301076,1909f56bfc062723c751e8b465ee728b)  -> (artifact id: '1936e8e099828be12e6cbe0badd9d083') in 0.221410 seconds 
  Import took 0.248422 seconds .

